<?xml version="1.0" encoding="UTF-8"?>
<!-- Generated by org.testng.reporters.JUnitReportReporter -->
<testsuite hostname="DESKTOP-J3M6P33" failures="0" tests="2" name="testPack.VerifyLoginFunctionality" time="21.365" errors="0" timestamp="2022-10-13T13:51:36 IST" skipped="0">
  <testcase classname="testPack.VerifyLoginFunctionality" name="verifyMyGoalSetting" time="11.332"/>
  <system-out/>
  <testcase classname="testPack.VerifyLoginFunctionality" name="verifyLogin" time="10.033"/>
  <system-out/>
</testsuite> <!-- testPack.VerifyLoginFunctionality -->
