<?xml version="1.0" encoding="UTF-8"?>
<!-- Generated by org.testng.reporters.JUnitReportReporter -->
<testsuite hostname="DESKTOP-J3M6P33" failures="0" tests="1" name="testPack.TestNGClass" time="12.119" errors="0" timestamp="2022-10-12T20:24:04 IST" skipped="0">
  <testcase classname="testPack.TestNGClass" name="test" time="12.119"/>
  <system-out/>
</testsuite> <!-- testPack.TestNGClass -->
