<?xml version="1.0" encoding="UTF-8"?>
<!-- Generated by org.testng.reporters.JUnitReportReporter -->
<testsuite hostname="DESKTOP-J3M6P33" failures="0" tests="2" name="testPack.VerifyAddWorkSpaceAndSearchFunction" time="26.157" errors="0" timestamp="2022-10-13T14:25:23 IST" skipped="0">
  <testcase classname="testPack.VerifyAddWorkSpaceAndSearchFunction" name="verifyAddWorkspace" time="13.221"/>
  <system-out/>
  <testcase classname="testPack.VerifyAddWorkSpaceAndSearchFunction" name="verifySearchFunction" time="12.936"/>
  <system-out/>
</testsuite> <!-- testPack.VerifyAddWorkSpaceAndSearchFunction -->
