<?xml version="1.0" encoding="UTF-8"?>
<!-- Generated by org.testng.reporters.JUnitReportReporter -->
<testsuite hostname="DESKTOP-J3M6P33" failures="0" tests="4" name="testPack.TNGVerifyAddWorkSpaceAndSearchFunction" time="145.048" errors="0" timestamp="2022-11-02T14:24:24 IST" skipped="0">
  <testcase classname="testPack.TNGVerifyAddWorkSpaceAndSearchFunction" name="verifyAddWorkspace" time="82.359"/>
  <system-out/>
  <testcase classname="testPack.TNGVerifyAddWorkSpaceAndSearchFunction" name="verifySearchFunction" time="12.467"/>
  <system-out/>
  <testcase classname="testPack.TNGVerifyAddWorkSpaceAndSearchFunction" name="verifySearchFunction" time="31.718"/>
  <system-out/>
  <testcase classname="testPack.TNGVerifyAddWorkSpaceAndSearchFunction" name="verifyAddWorkspace" time="18.504"/>
  <system-out/>
</testsuite> <!-- testPack.TNGVerifyAddWorkSpaceAndSearchFunction -->
