<?xml version="1.0" encoding="UTF-8"?>
<!-- Generated by org.testng.reporters.JUnitReportReporter -->
<testsuite hostname="DESKTOP-J3M6P33" failures="0" tests="2" name="testPack.VerifyLoginAndMyGoalSettingFunctionality" time="26.584" errors="0" timestamp="2022-10-13T14:06:10 IST" skipped="0">
  <testcase classname="testPack.VerifyLoginAndMyGoalSettingFunctionality" name="verifyMyGoalSetting" time="14.093"/>
  <system-out/>
  <testcase classname="testPack.VerifyLoginAndMyGoalSettingFunctionality" name="verifyLogin" time="12.491"/>
  <system-out/>
</testsuite> <!-- testPack.VerifyLoginAndMyGoalSettingFunctionality -->
