<?xml version="1.0" encoding="UTF-8"?>
<!-- Generated by org.testng.reporters.JUnitReportReporter -->
<testsuite hostname="DESKTOP-J3M6P33" failures="1" tests="2" name="testPack.TNGVerifyLoginAndMyGoalSettingFunctionality" time="29.861" errors="0" timestamp="2022-11-02T14:28:43 IST" skipped="0">
  <testcase classname="testPack.TNGVerifyLoginAndMyGoalSettingFunctionality" name="verifyMyGoalSetting" time="14.226">
    <failure message="null" type="java.lang.AssertionError">
      <![CDATA[java.lang.AssertionError: null
at org.testng.Assert.fail(Assert.java:99)
at org.testng.Assert.fail(Assert.java:106)
at testPack.TNGVerifyLoginAndMyGoalSettingFunctionality.verifyMyGoalSetting(TNGVerifyLoginAndMyGoalSettingFunctionality.java:101)
at java.base/jdk.internal.reflect.DirectMethodHandleAccessor.invoke(DirectMethodHandleAccessor.java:104)
at java.base/java.lang.reflect.Method.invoke(Method.java:577)
at org.testng.internal.MethodInvocationHelper.invokeMethod(MethodInvocationHelper.java:133)
at org.testng.internal.TestInvoker.invokeMethod(TestInvoker.java:598)
at org.testng.internal.TestInvoker.invokeTestMethod(TestInvoker.java:173)
at org.testng.internal.MethodRunner.runInSequence(MethodRunner.java:46)
at org.testng.internal.TestInvoker$MethodInvocationAgent.invoke(TestInvoker.java:824)
at org.testng.internal.TestInvoker.invokeTestMethods(TestInvoker.java:146)
at org.testng.internal.TestMethodWorker.invokeTestMethods(TestMethodWorker.java:146)
at org.testng.internal.TestMethodWorker.run(TestMethodWorker.java:128)
at java.base/java.util.concurrent.ThreadPoolExecutor.runWorker(ThreadPoolExecutor.java:1136)
at java.base/java.util.concurrent.ThreadPoolExecutor$Worker.run(ThreadPoolExecutor.java:635)
at java.base/java.lang.Thread.run(Thread.java:833)
]]>
    </failure>
  </testcase> <!-- verifyMyGoalSetting -->
  <system-out/>
  <testcase classname="testPack.TNGVerifyLoginAndMyGoalSettingFunctionality" name="verifyLogin" time="15.635"/>
  <system-out/>
</testsuite> <!-- testPack.TNGVerifyLoginAndMyGoalSettingFunctionality -->
